[2025-10-15 01:43:30] :
 	 token=0x6ae6e0c24c4fa0046500a884b92562b5eebc4444, 
	 ticker=佩佩, 
	  bnb_amount=1000000000000

[2025-10-20 18:42:29] :
 	 token=0x0909867ac5f6701a143e356099c65660bdf64444, 
	 ticker=CATCHA, 
	  bnb_amount=1000000000000

[2025-10-20 19:33:17] :
 	 token=0xd4f4d82c22edf6d7a5248b126ac06abce56c4444, 
	 ticker=🫰, 
	  bnb_amount=1000000000000

[2025-10-20 19:34:26] :
 	 token=0xd9fb6298a7025d69b425a38adf5de1ed692d4444, 
	 ticker=悲伤的土豆, 
	  bnb_amount=1000000000000

[2025-10-20 19:37:42] :
 	 token=0xa6d5383dcd060a95ceeb711ed97ba36fc3bc4444, 
	 ticker=Gatsby, 
	  bnb_amount=1000000000000

[2025-10-20 19:42:55] :
 	 token=0xdcb0037ce9fe4c927f2be49c1519fbc652be4444, 
	 ticker=巨熊Ultra, 
	  bnb_amount=1000000000000

[2025-10-20 19:44:21] :
 	 token=0x9be64c836882075012d6b6602d56de84920d4444, 
	 ticker=पवित्र गाय, 
	  bnb_amount=1000000000000

[2025-10-20 19:45:14] :
 	 token=0x380427ab768ad996ddb9a6ffdf6ef8b9437f4444, 
	 ticker=DEATH, 
	  bnb_amount=1000000000000

[2025-10-20 19:57:08] :
 	 token=0x4f00ef8dbfb650194af92064abf6f019159a4444, 
	 ticker=WQNM, 
	  bnb_amount=1000000000000

